<?xml version="1.0" encoding="UTF-8"?>
<testng-results skipped="0" failed="1" ignored="0" total="2" passed="1">
  <reporter-output>
  </reporter-output>
  <suite name="Test Suite" duration-ms="126321" started-at="2020-08-04T06:05:25 IST" finished-at="2020-08-04T06:07:31 IST">
    <groups>
    </groups>
    <test name="Parallel scenario" duration-ms="126321" started-at="2020-08-04T06:05:25 IST" finished-at="2020-08-04T06:07:31 IST">
      <class name="com.multibrowser.parabankbrowser2">
        <test-method status="PASS" signature="startReport()[pri:0, instance:com.multibrowser.parabankbrowser2@43bd930a]" name="startReport" is-config="true" duration-ms="340" started-at="2020-08-04T06:05:25 IST" finished-at="2020-08-04T06:05:25 IST">
          <reporter-output>
          </reporter-output>
        </test-method> <!-- startReport -->
        <test-method status="PASS" signature="beforeClass()[pri:0, instance:com.multibrowser.parabankbrowser2@43bd930a]" name="beforeClass" is-config="true" duration-ms="17456" started-at="2020-08-04T06:05:25 IST" finished-at="2020-08-04T06:05:43 IST">
          <reporter-output>
          </reporter-output>
        </test-method> <!-- beforeClass -->
        <test-method status="FAIL" signature="registration()[pri:0, instance:com.multibrowser.parabankbrowser2@43bd930a]" name="registration" duration-ms="105192" started-at="2020-08-04T06:05:43 IST" finished-at="2020-08-04T06:07:28 IST">
          <exception class="org.openqa.selenium.NoSuchElementException">
            <message>
              <![CDATA[Unable to locate element: //a[@href='/parabank/billpay.htm']
For documentation on this error, please visit: https://www.seleniumhq.org/exceptions/no_such_element.html
Build info: version: '3.141.59', revision: 'e82be7d358', time: '2018-11-14T08:17:03'
System info: host: 'MAVBCP139', ip: '192.168.0.160', os.name: 'Windows 10', os.arch: 'amd64', os.version: '10.0', java.version: '1.8.0_231'
Driver info: org.openqa.selenium.firefox.FirefoxDriver
Capabilities {acceptInsecureCerts: true, browserName: firefox, browserVersion: 79.0, javascriptEnabled: true, moz:accessibilityChecks: false, moz:buildID: 20200720193547, moz:geckodriverVersion: 0.26.0, moz:headless: false, moz:processID: 29808, moz:profile: C:\Users\vinodhinima\AppDat..., moz:shutdownTimeout: 60000, moz:useNonSpecCompliantPointerOrigin: false, moz:webdriverClick: true, pageLoadStrategy: normal, platform: WINDOWS, platformName: WINDOWS, platformVersion: 10.0, rotatable: false, setWindowRect: true, strictFileInteractability: false, timeouts: {implicit: 0, pageLoad: 300000, script: 30000}, unhandledPromptBehavior: dismiss and notify}
Session ID: 62bb5973-ffc8-4409-8382-82d02379e7d9
*** Element info: {Using=xpath, value=//a[@href='/parabank/billpay.htm']}]]>
            </message>
            <full-stacktrace>
              <![CDATA[org.openqa.selenium.NoSuchElementException: Unable to locate element: //a[@href='/parabank/billpay.htm']
For documentation on this error, please visit: https://www.seleniumhq.org/exceptions/no_such_element.html
Build info: version: '3.141.59', revision: 'e82be7d358', time: '2018-11-14T08:17:03'
System info: host: 'MAVBCP139', ip: '192.168.0.160', os.name: 'Windows 10', os.arch: 'amd64', os.version: '10.0', java.version: '1.8.0_231'
Driver info: org.openqa.selenium.firefox.FirefoxDriver
Capabilities {acceptInsecureCerts: true, browserName: firefox, browserVersion: 79.0, javascriptEnabled: true, moz:accessibilityChecks: false, moz:buildID: 20200720193547, moz:geckodriverVersion: 0.26.0, moz:headless: false, moz:processID: 29808, moz:profile: C:\Users\vinodhinima\AppDat..., moz:shutdownTimeout: 60000, moz:useNonSpecCompliantPointerOrigin: false, moz:webdriverClick: true, pageLoadStrategy: normal, platform: WINDOWS, platformName: WINDOWS, platformVersion: 10.0, rotatable: false, setWindowRect: true, strictFileInteractability: false, timeouts: {implicit: 0, pageLoad: 300000, script: 30000}, unhandledPromptBehavior: dismiss and notify}
Session ID: 62bb5973-ffc8-4409-8382-82d02379e7d9
*** Element info: {Using=xpath, value=//a[@href='/parabank/billpay.htm']}
at sun.reflect.NativeConstructorAccessorImpl.newInstance0(Native Method)
at sun.reflect.NativeConstructorAccessorImpl.newInstance(Unknown Source)
at sun.reflect.DelegatingConstructorAccessorImpl.newInstance(Unknown Source)
at java.lang.reflect.Constructor.newInstance(Unknown Source)
at org.openqa.selenium.remote.http.W3CHttpResponseCodec.createException(W3CHttpResponseCodec.java:187)
at org.openqa.selenium.remote.http.W3CHttpResponseCodec.decode(W3CHttpResponseCodec.java:122)
at org.openqa.selenium.remote.http.W3CHttpResponseCodec.decode(W3CHttpResponseCodec.java:49)
at org.openqa.selenium.remote.HttpCommandExecutor.execute(HttpCommandExecutor.java:158)
at org.openqa.selenium.remote.service.DriverCommandExecutor.execute(DriverCommandExecutor.java:83)
at org.openqa.selenium.remote.RemoteWebDriver.execute(RemoteWebDriver.java:552)
at org.openqa.selenium.remote.RemoteWebDriver.findElement(RemoteWebDriver.java:323)
at org.openqa.selenium.remote.RemoteWebDriver.findElementByXPath(RemoteWebDriver.java:428)
at org.openqa.selenium.By$ByXPath.findElement(By.java:353)
at org.openqa.selenium.remote.RemoteWebDriver.findElement(RemoteWebDriver.java:315)
at com.multibrowser.parabankbrowser2.registration(parabankbrowser2.java:152)
at sun.reflect.NativeMethodAccessorImpl.invoke0(Native Method)
at sun.reflect.NativeMethodAccessorImpl.invoke(Unknown Source)
at sun.reflect.DelegatingMethodAccessorImpl.invoke(Unknown Source)
at java.lang.reflect.Method.invoke(Unknown Source)
at org.testng.internal.MethodInvocationHelper.invokeMethod(MethodInvocationHelper.java:134)
at org.testng.internal.TestInvoker.invokeMethod(TestInvoker.java:597)
at org.testng.internal.TestInvoker.invokeTestMethod(TestInvoker.java:173)
at org.testng.internal.MethodRunner.runInSequence(MethodRunner.java:46)
at org.testng.internal.TestInvoker$MethodInvocationAgent.invoke(TestInvoker.java:816)
at org.testng.internal.TestInvoker.invokeTestMethods(TestInvoker.java:146)
at org.testng.internal.TestMethodWorker.invokeTestMethods(TestMethodWorker.java:146)
at org.testng.internal.TestMethodWorker.run(TestMethodWorker.java:128)
at java.util.concurrent.ThreadPoolExecutor.runWorker(Unknown Source)
at java.util.concurrent.ThreadPoolExecutor$Worker.run(Unknown Source)
at java.lang.Thread.run(Unknown Source)
]]>
            </full-stacktrace>
          </exception> <!-- org.openqa.selenium.NoSuchElementException -->
          <reporter-output>
          </reporter-output>
        </test-method> <!-- registration -->
        <test-method status="PASS" signature="getResult(org.testng.ITestResult)[pri:0, instance:com.multibrowser.parabankbrowser2@43bd930a]" name="getResult" is-config="true" duration-ms="7" started-at="2020-08-04T06:07:28 IST" finished-at="2020-08-04T06:07:28 IST">
          <params>
            <param index="0">
              <value>
                <![CDATA[[TestResult name=registration status=FAILURE method=parabankbrowser2.registration()[pri:0, instance:com.multibrowser.parabankbrowser2@43bd930a] output={null}]]]>
              </value>
            </param>
          </params>
          <reporter-output>
          </reporter-output>
        </test-method> <!-- getResult -->
        <test-method status="PASS" signature="afterClass()[pri:0, instance:com.multibrowser.parabankbrowser2@43bd930a]" name="afterClass" is-config="true" duration-ms="2183" started-at="2020-08-04T06:07:28 IST" finished-at="2020-08-04T06:07:30 IST">
          <reporter-output>
          </reporter-output>
        </test-method> <!-- afterClass -->
        <test-method status="PASS" signature="tearDown()[pri:0, instance:com.multibrowser.parabankbrowser2@43bd930a]" name="tearDown" is-config="true" duration-ms="761" started-at="2020-08-04T06:07:30 IST" finished-at="2020-08-04T06:07:31 IST">
          <reporter-output>
          </reporter-output>
        </test-method> <!-- tearDown -->
      </class> <!-- com.multibrowser.parabankbrowser2 -->
      <class name="com.multibrowser.parallelbrowser">
        <test-method status="PASS" signature="startReport()[pri:0, instance:com.multibrowser.parallelbrowser@569cfc36]" name="startReport" is-config="true" duration-ms="2" started-at="2020-08-04T06:05:25 IST" finished-at="2020-08-04T06:05:25 IST">
          <reporter-output>
          </reporter-output>
        </test-method> <!-- startReport -->
        <test-method status="PASS" signature="beforeClass()[pri:0, instance:com.multibrowser.parallelbrowser@569cfc36]" name="beforeClass" is-config="true" duration-ms="19234" started-at="2020-08-04T06:05:25 IST" finished-at="2020-08-04T06:05:45 IST">
          <reporter-output>
          </reporter-output>
        </test-method> <!-- beforeClass -->
        <test-method status="PASS" signature="verifySearchButton()[pri:0, instance:com.multibrowser.parallelbrowser@569cfc36]" name="verifySearchButton" duration-ms="4446" started-at="2020-08-04T06:05:45 IST" finished-at="2020-08-04T06:05:49 IST">
          <reporter-output>
          </reporter-output>
        </test-method> <!-- verifySearchButton -->
        <test-method status="PASS" signature="getResult(org.testng.ITestResult)[pri:0, instance:com.multibrowser.parallelbrowser@569cfc36]" name="getResult" is-config="true" duration-ms="27" started-at="2020-08-04T06:05:49 IST" finished-at="2020-08-04T06:05:49 IST">
          <params>
            <param index="0">
              <value>
                <![CDATA[[TestResult name=verifySearchButton status=SUCCESS method=parallelbrowser.verifySearchButton()[pri:0, instance:com.multibrowser.parallelbrowser@569cfc36] output={null}]]]>
              </value>
            </param>
          </params>
          <reporter-output>
          </reporter-output>
        </test-method> <!-- getResult -->
        <test-method status="PASS" signature="afterClass()[pri:0, instance:com.multibrowser.parallelbrowser@569cfc36]" name="afterClass" is-config="true" duration-ms="7882" started-at="2020-08-04T06:05:49 IST" finished-at="2020-08-04T06:05:57 IST">
          <reporter-output>
          </reporter-output>
        </test-method> <!-- afterClass -->
        <test-method status="PASS" signature="tearDown()[pri:0, instance:com.multibrowser.parallelbrowser@569cfc36]" name="tearDown" is-config="true" duration-ms="141" started-at="2020-08-04T06:07:31 IST" finished-at="2020-08-04T06:07:31 IST">
          <reporter-output>
          </reporter-output>
        </test-method> <!-- tearDown -->
      </class> <!-- com.multibrowser.parallelbrowser -->
    </test> <!-- Parallel scenario -->
  </suite> <!-- Test Suite -->
</testng-results>
